<?xml version="1.0" encoding="UTF-8"?>
<testsuite name="NumbersTest" tests="1" skipped="0" failures="0" errors="0" timestamp="2021-06-23T11:18:11" hostname="DESKTOP-BQSNVU1" time="0.627">
  <properties/>
  <testcase name="start" classname="NumbersTest" time="0.627"/>
  <system-out><![CDATA[?[1;31m
Start test 1?[0m
Enter a natural number:
> 0
This number is not natural!
?[1;31m
Start test 2?[0m
Enter a natural number:
> -1
This number is not natural!
?[1;31m
Start test 3?[0m
Enter a natural number:
> -2
This number is not natural!
?[1;31m
Start test 4?[0m
Enter a natural number:
> -3
This number is not natural!
?[1;31m
Start test 5?[0m
Enter a natural number:
> -4
This number is not natural!
?[1;31m
Start test 6?[0m
Enter a natural number:
> -5
This number is not natural!
?[1;31m
Start test 7?[0m
Enter a natural number:
> 1
This number is Odd.
It is not a Buzz number.
Explanation:
1 is neither divisible by 7 nor does it end with 7.
?[1;31m
Start test 8?[0m
Enter a natural number:
> 2
This number is Even.
It is not a Buzz number.
Explanation:
2 is neither divisible by 7 nor does it end with 7.
?[1;31m
Start test 9?[0m
Enter a natural number:
> 3
This number is Odd.
It is not a Buzz number.
Explanation:
3 is neither divisible by 7 nor does it end with 7.
?[1;31m
Start test 10?[0m
Enter a natural number:
> 4
This number is Even.
It is not a Buzz number.
Explanation:
4 is neither divisible by 7 nor does it end with 7.
?[1;31m
Start test 11?[0m
Enter a natural number:
> 5
This number is Odd.
It is not a Buzz number.
Explanation:
5 is neither divisible by 7 nor does it end with 7.
?[1;31m
Start test 12?[0m
Enter a natural number:
> 6
This number is Even.
It is not a Buzz number.
Explanation:
6 is neither divisible by 7 nor does it end with 7.
?[1;31m
Start test 13?[0m
Enter a natural number:
> 7
This number is Odd.
It is a Buzz number.
Explanation:
7 is divisible by 7 and ends with 7.
?[1;31m
Start test 14?[0m
Enter a natural number:
> 8
This number is Even.
It is not a Buzz number.
Explanation:
8 is neither divisible by 7 nor does it end with 7.
?[1;31m
Start test 15?[0m
Enter a natural number:
> 9
This number is Odd.
It is not a Buzz number.
Explanation:
9 is neither divisible by 7 nor does it end with 7.
?[1;31m
Start test 16?[0m
Enter a natural number:
> 10
This number is Even.
It is not a Buzz number.
Explanation:
10 is neither divisible by 7 nor does it end with 7.
?[1;31m
Start test 17?[0m
Enter a natural number:
> 11
This number is Odd.
It is not a Buzz number.
Explanation:
11 is neither divisible by 7 nor does it end with 7.
?[1;31m
Start test 18?[0m
Enter a natural number:
> 12
This number is Even.
It is not a Buzz number.
Explanation:
12 is neither divisible by 7 nor does it end with 7.
?[1;31m
Start test 19?[0m
Enter a natural number:
> 13
This number is Odd.
It is not a Buzz number.
Explanation:
13 is neither divisible by 7 nor does it end with 7.
?[1;31m
Start test 20?[0m
Enter a natural number:
> 14
This number is Even.
It is a Buzz number.
Explanation:
14 is divisible by 7.
?[1;31m
Start test 21?[0m
Enter a natural number:
> 29800
This number is Even.
It is not a Buzz number.
Explanation:
29800 is neither divisible by 7 nor does it end with 7.
?[1;31m
Start test 22?[0m
Enter a natural number:
> 20991
This number is Odd.
It is not a Buzz number.
Explanation:
20991 is neither divisible by 7 nor does it end with 7.
?[1;31m
Start test 23?[0m
Enter a natural number:
> 3941
This number is Odd.
It is a Buzz number.
Explanation:
3941 is divisible by 7.
?[1;31m
Start test 24?[0m
Enter a natural number:
> 8714
This number is Even.
It is not a Buzz number.
Explanation:
8714 is neither divisible by 7 nor does it end with 7.
?[1;31m
Start test 25?[0m
Enter a natural number:
> 31422
This number is Even.
It is not a Buzz number.
Explanation:
31422 is neither divisible by 7 nor does it end with 7.
?[1;31m
Start test 26?[0m
Enter a natural number:
> 31082
This number is Even.
It is not a Buzz number.
Explanation:
31082 is neither divisible by 7 nor does it end with 7.
?[1;31m
Start test 27?[0m
Enter a natural number:
> 8101
This number is Odd.
It is not a Buzz number.
Explanation:
8101 is neither divisible by 7 nor does it end with 7.
?[1;31m
Start test 28?[0m
Enter a natural number:
> 3630
This number is Even.
It is not a Buzz number.
Explanation:
3630 is neither divisible by 7 nor does it end with 7.
?[1;31m
Start test 29?[0m
Enter a natural number:
> 10867
This number is Odd.
It is a Buzz number.
Explanation:
10867 ends with 7.
?[1;31m
Start test 30?[0m
Enter a natural number:
> 18087
This number is Odd.
It is a Buzz number.
Explanation:
18087 ends with 7.
?[1;31m
Start test 31?[0m
Enter a natural number:
> 29265
This number is Odd.
It is not a Buzz number.
Explanation:
29265 is neither divisible by 7 nor does it end with 7.
?[1;31m
Start test 32?[0m
Enter a natural number:
> 26110
This number is Even.
It is a Buzz number.
Explanation:
26110 is divisible by 7.
?[1;31m
Start test 33?[0m
Enter a natural number:
> 26142
This number is Even.
It is not a Buzz number.
Explanation:
26142 is neither divisible by 7 nor does it end with 7.
?[1;31m
Start test 34?[0m
Enter a natural number:
> 29432
This number is Even.
It is not a Buzz number.
Explanation:
29432 is neither divisible by 7 nor does it end with 7.
?[1;31m
Start test 35?[0m
Enter a natural number:
> 4364
This number is Even.
It is not a Buzz number.
Explanation:
4364 is neither divisible by 7 nor does it end with 7.
?[1;31m
Start test 36?[0m
Enter a natural number:
> 9016
This number is Even.
It is a Buzz number.
Explanation:
9016 is divisible by 7.
?[1;31m
Start test 37?[0m
Enter a natural number:
> 28982
This number is Even.
It is not a Buzz number.
Explanation:
28982 is neither divisible by 7 nor does it end with 7.
?[1;31m
Start test 38?[0m
Enter a natural number:
> 20939
This number is Odd.
It is not a Buzz number.
Explanation:
20939 is neither divisible by 7 nor does it end with 7.
?[1;31m
Start test 39?[0m
Enter a natural number:
> 588
This number is Even.
It is a Buzz number.
Explanation:
588 is divisible by 7.
?[1;31m
Start test 40?[0m
Enter a natural number:
> 3280
This number is Even.
It is not a Buzz number.
Explanation:
3280 is neither divisible by 7 nor does it end with 7.
]]></system-out>
  <system-err><![CDATA[]]></system-err>
</testsuite>
